Nov 07, 2014 10:42:51 AM org.apache.catalina.startup.HostConfig undeploy
INFO: Undeploying context [/host-manager]
Nov 07, 2014 10:42:51 AM org.apache.catalina.loader.WebappClassLoader clearReferencesJdbc
WARNING: JDBC driver de-registration failed for web application [/host-manager]
java.lang.NullPointerException
	at org.apache.catalina.loader.WebappClassLoader.clearReferencesJdbc(WebappClassLoader.java:2071)
	at org.apache.catalina.loader.WebappClassLoader.clearReferences(WebappClassLoader.java:2007)
	at org.apache.catalina.loader.WebappClassLoader.stop(WebappClassLoader.java:1908)
	at org.apache.catalina.loader.WebappLoader.stopInternal(WebappLoader.java:661)
	at org.apache.catalina.util.LifecycleBase.stop(LifecycleBase.java:232)
	at org.apache.catalina.core.StandardContext.stopInternal(StandardContext.java:5730)
	at org.apache.catalina.util.LifecycleBase.stop(LifecycleBase.java:232)
	at org.apache.catalina.core.ContainerBase.removeChild(ContainerBase.java:1028)
	at org.apache.catalina.startup.HostConfig.undeploy(HostConfig.java:1500)
	at org.apache.catalina.startup.HostConfig.checkResources(HostConfig.java:1448)
	at org.apache.catalina.startup.HostConfig.check(HostConfig.java:1648)
	at org.apache.catalina.startup.HostConfig.lifecycleEvent(HostConfig.java:328)
	at org.apache.catalina.util.LifecycleSupport.fireLifecycleEvent(LifecycleSupport.java:117)
	at org.apache.catalina.util.LifecycleBase.fireLifecycleEvent(LifecycleBase.java:90)
	at org.apache.catalina.core.ContainerBase.backgroundProcess(ContainerBase.java:1374)
	at org.apache.catalina.core.ContainerBase$ContainerBackgroundProcessor.processChildren(ContainerBase.java:1546)
	at org.apache.catalina.core.ContainerBase$ContainerBackgroundProcessor.processChildren(ContainerBase.java:1556)
	at org.apache.catalina.core.ContainerBase$ContainerBackgroundProcessor.run(ContainerBase.java:1524)
	at java.lang.Thread.run(Thread.java:745)

Nov 07, 2014 10:42:52 AM org.apache.catalina.startup.HostConfig undeploy
INFO: Undeploying context [/docs]
Nov 07, 2014 10:42:52 AM org.apache.catalina.loader.WebappClassLoader clearReferencesJdbc
WARNING: JDBC driver de-registration failed for web application [/docs]
java.lang.NullPointerException
	at org.apache.catalina.loader.WebappClassLoader.clearReferencesJdbc(WebappClassLoader.java:2071)
	at org.apache.catalina.loader.WebappClassLoader.clearReferences(WebappClassLoader.java:2007)
	at org.apache.catalina.loader.WebappClassLoader.stop(WebappClassLoader.java:1908)
	at org.apache.catalina.loader.WebappLoader.stopInternal(WebappLoader.java:661)
	at org.apache.catalina.util.LifecycleBase.stop(LifecycleBase.java:232)
	at org.apache.catalina.core.StandardContext.stopInternal(StandardContext.java:5730)
	at org.apache.catalina.util.LifecycleBase.stop(LifecycleBase.java:232)
	at org.apache.catalina.core.ContainerBase.removeChild(ContainerBase.java:1028)
	at org.apache.catalina.startup.HostConfig.undeploy(HostConfig.java:1500)
	at org.apache.catalina.startup.HostConfig.checkResources(HostConfig.java:1448)
	at org.apache.catalina.startup.HostConfig.check(HostConfig.java:1648)
	at org.apache.catalina.startup.HostConfig.lifecycleEvent(HostConfig.java:328)
	at org.apache.catalina.util.LifecycleSupport.fireLifecycleEvent(LifecycleSupport.java:117)
	at org.apache.catalina.util.LifecycleBase.fireLifecycleEvent(LifecycleBase.java:90)
	at org.apache.catalina.core.ContainerBase.backgroundProcess(ContainerBase.java:1374)
	at org.apache.catalina.core.ContainerBase$ContainerBackgroundProcessor.processChildren(ContainerBase.java:1546)
	at org.apache.catalina.core.ContainerBase$ContainerBackgroundProcessor.processChildren(ContainerBase.java:1556)
	at org.apache.catalina.core.ContainerBase$ContainerBackgroundProcessor.run(ContainerBase.java:1524)
	at java.lang.Thread.run(Thread.java:745)

Nov 07, 2014 10:42:52 AM org.apache.catalina.startup.HostConfig undeploy
INFO: Undeploying context []
Nov 07, 2014 10:42:53 AM org.apache.catalina.loader.WebappClassLoader clearReferencesJdbc
WARNING: JDBC driver de-registration failed for web application []
java.lang.NullPointerException
	at org.apache.catalina.loader.WebappClassLoader.clearReferencesJdbc(WebappClassLoader.java:2071)
	at org.apache.catalina.loader.WebappClassLoader.clearReferences(WebappClassLoader.java:2007)
	at org.apache.catalina.loader.WebappClassLoader.stop(WebappClassLoader.java:1908)
	at org.apache.catalina.loader.WebappLoader.stopInternal(WebappLoader.java:661)
	at org.apache.catalina.util.LifecycleBase.stop(LifecycleBase.java:232)
	at org.apache.catalina.core.StandardContext.stopInternal(StandardContext.java:5730)
	at org.apache.catalina.util.LifecycleBase.stop(LifecycleBase.java:232)
	at org.apache.catalina.core.ContainerBase.removeChild(ContainerBase.java:1028)
	at org.apache.catalina.startup.HostConfig.undeploy(HostConfig.java:1500)
	at org.apache.catalina.startup.HostConfig.checkResources(HostConfig.java:1448)
	at org.apache.catalina.startup.HostConfig.check(HostConfig.java:1648)
	at org.apache.catalina.startup.HostConfig.lifecycleEvent(HostConfig.java:328)
	at org.apache.catalina.util.LifecycleSupport.fireLifecycleEvent(LifecycleSupport.java:117)
	at org.apache.catalina.util.LifecycleBase.fireLifecycleEvent(LifecycleBase.java:90)
	at org.apache.catalina.core.ContainerBase.backgroundProcess(ContainerBase.java:1374)
	at org.apache.catalina.core.ContainerBase$ContainerBackgroundProcessor.processChildren(ContainerBase.java:1546)
	at org.apache.catalina.core.ContainerBase$ContainerBackgroundProcessor.processChildren(ContainerBase.java:1556)
	at org.apache.catalina.core.ContainerBase$ContainerBackgroundProcessor.run(ContainerBase.java:1524)
	at java.lang.Thread.run(Thread.java:745)

Nov 07, 2014 10:42:53 AM org.apache.catalina.startup.HostConfig undeploy
INFO: Undeploying context [/command4spring-sample-service-1.0-SNAPSHOT]
Nov 07, 2014 10:42:53 AM org.apache.catalina.loader.WebappClassLoader clearReferencesJdbc
WARNING: JDBC driver de-registration failed for web application [/command4spring-sample-service-1.0-SNAPSHOT]
java.lang.NullPointerException
	at org.apache.catalina.loader.WebappClassLoader.clearReferencesJdbc(WebappClassLoader.java:2071)
	at org.apache.catalina.loader.WebappClassLoader.clearReferences(WebappClassLoader.java:2007)
	at org.apache.catalina.loader.WebappClassLoader.stop(WebappClassLoader.java:1908)
	at org.apache.catalina.loader.WebappLoader.stopInternal(WebappLoader.java:661)
	at org.apache.catalina.util.LifecycleBase.stop(LifecycleBase.java:232)
	at org.apache.catalina.core.StandardContext.stopInternal(StandardContext.java:5730)
	at org.apache.catalina.util.LifecycleBase.stop(LifecycleBase.java:232)
	at org.apache.catalina.core.ContainerBase.removeChild(ContainerBase.java:1028)
	at org.apache.catalina.startup.HostConfig.undeploy(HostConfig.java:1500)
	at org.apache.catalina.startup.HostConfig.checkResources(HostConfig.java:1448)
	at org.apache.catalina.startup.HostConfig.check(HostConfig.java:1648)
	at org.apache.catalina.startup.HostConfig.lifecycleEvent(HostConfig.java:328)
	at org.apache.catalina.util.LifecycleSupport.fireLifecycleEvent(LifecycleSupport.java:117)
	at org.apache.catalina.util.LifecycleBase.fireLifecycleEvent(LifecycleBase.java:90)
	at org.apache.catalina.core.ContainerBase.backgroundProcess(ContainerBase.java:1374)
	at org.apache.catalina.core.ContainerBase$ContainerBackgroundProcessor.processChildren(ContainerBase.java:1546)
	at org.apache.catalina.core.ContainerBase$ContainerBackgroundProcessor.processChildren(ContainerBase.java:1556)
	at org.apache.catalina.core.ContainerBase$ContainerBackgroundProcessor.run(ContainerBase.java:1524)
	at java.lang.Thread.run(Thread.java:745)

Nov 07, 2014 10:42:54 AM org.apache.catalina.startup.HostConfig undeploy
INFO: Undeploying context [/examples]
Nov 07, 2014 10:42:54 AM org.apache.catalina.loader.WebappClassLoader clearReferencesJdbc
WARNING: JDBC driver de-registration failed for web application [/examples]
java.lang.NullPointerException
	at org.apache.catalina.loader.WebappClassLoader.clearReferencesJdbc(WebappClassLoader.java:2071)
	at org.apache.catalina.loader.WebappClassLoader.clearReferences(WebappClassLoader.java:2007)
	at org.apache.catalina.loader.WebappClassLoader.stop(WebappClassLoader.java:1908)
	at org.apache.catalina.loader.WebappLoader.stopInternal(WebappLoader.java:661)
	at org.apache.catalina.util.LifecycleBase.stop(LifecycleBase.java:232)
	at org.apache.catalina.core.StandardContext.stopInternal(StandardContext.java:5730)
	at org.apache.catalina.util.LifecycleBase.stop(LifecycleBase.java:232)
	at org.apache.catalina.core.ContainerBase.removeChild(ContainerBase.java:1028)
	at org.apache.catalina.startup.HostConfig.undeploy(HostConfig.java:1500)
	at org.apache.catalina.startup.HostConfig.checkResources(HostConfig.java:1448)
	at org.apache.catalina.startup.HostConfig.check(HostConfig.java:1648)
	at org.apache.catalina.startup.HostConfig.lifecycleEvent(HostConfig.java:328)
	at org.apache.catalina.util.LifecycleSupport.fireLifecycleEvent(LifecycleSupport.java:117)
	at org.apache.catalina.util.LifecycleBase.fireLifecycleEvent(LifecycleBase.java:90)
	at org.apache.catalina.core.ContainerBase.backgroundProcess(ContainerBase.java:1374)
	at org.apache.catalina.core.ContainerBase$ContainerBackgroundProcessor.processChildren(ContainerBase.java:1546)
	at org.apache.catalina.core.ContainerBase$ContainerBackgroundProcessor.processChildren(ContainerBase.java:1556)
	at org.apache.catalina.core.ContainerBase$ContainerBackgroundProcessor.run(ContainerBase.java:1524)
	at java.lang.Thread.run(Thread.java:745)

Nov 07, 2014 10:42:54 AM org.apache.catalina.startup.HostConfig undeploy
INFO: Undeploying context [/manager]
Nov 07, 2014 10:42:54 AM org.apache.catalina.loader.WebappClassLoader clearReferencesJdbc
WARNING: JDBC driver de-registration failed for web application [/manager]
java.lang.NullPointerException
	at org.apache.catalina.loader.WebappClassLoader.clearReferencesJdbc(WebappClassLoader.java:2071)
	at org.apache.catalina.loader.WebappClassLoader.clearReferences(WebappClassLoader.java:2007)
	at org.apache.catalina.loader.WebappClassLoader.stop(WebappClassLoader.java:1908)
	at org.apache.catalina.loader.WebappLoader.stopInternal(WebappLoader.java:661)
	at org.apache.catalina.util.LifecycleBase.stop(LifecycleBase.java:232)
	at org.apache.catalina.core.StandardContext.stopInternal(StandardContext.java:5730)
	at org.apache.catalina.util.LifecycleBase.stop(LifecycleBase.java:232)
	at org.apache.catalina.core.ContainerBase.removeChild(ContainerBase.java:1028)
	at org.apache.catalina.startup.HostConfig.undeploy(HostConfig.java:1500)
	at org.apache.catalina.startup.HostConfig.checkResources(HostConfig.java:1448)
	at org.apache.catalina.startup.HostConfig.check(HostConfig.java:1648)
	at org.apache.catalina.startup.HostConfig.lifecycleEvent(HostConfig.java:328)
	at org.apache.catalina.util.LifecycleSupport.fireLifecycleEvent(LifecycleSupport.java:117)
	at org.apache.catalina.util.LifecycleBase.fireLifecycleEvent(LifecycleBase.java:90)
	at org.apache.catalina.core.ContainerBase.backgroundProcess(ContainerBase.java:1374)
	at org.apache.catalina.core.ContainerBase$ContainerBackgroundProcessor.processChildren(ContainerBase.java:1546)
	at org.apache.catalina.core.ContainerBase$ContainerBackgroundProcessor.processChildren(ContainerBase.java:1556)
	at org.apache.catalina.core.ContainerBase$ContainerBackgroundProcessor.run(ContainerBase.java:1524)
	at java.lang.Thread.run(Thread.java:745)

